CRITICAL - 2021-12-22 02:26:28 --> Invalid file: auth/register.php
#0 C:\xampp\htdocs\webkomik\vendor\codeigniter4\framework\system\View\View.php(198): CodeIgniter\Exceptions\FrameworkException::forInvalidFile('auth/register.p...')
#1 C:\xampp\htdocs\webkomik\vendor\codeigniter4\framework\system\Common.php(1097): CodeIgniter\View\View->render('auth/register', Array, true)
#2 C:\xampp\htdocs\webkomik\app\Controllers\Auth.php(13): view('auth/register')
#3 C:\xampp\htdocs\webkomik\vendor\codeigniter4\framework\system\CodeIgniter.php(824): App\Controllers\Auth->register()
#4 C:\xampp\htdocs\webkomik\vendor\codeigniter4\framework\system\CodeIgniter.php(410): CodeIgniter\CodeIgniter->runController(Object(App\Controllers\Auth))
#5 C:\xampp\htdocs\webkomik\vendor\codeigniter4\framework\system\CodeIgniter.php(318): CodeIgniter\CodeIgniter->handleRequest(NULL, Object(Config\Cache), false)
#6 C:\xampp\htdocs\webkomik\public\index.php(37): CodeIgniter\CodeIgniter->run()
#7 C:\xampp\htdocs\webkomik\vendor\codeigniter4\framework\system\Commands\Server\rewrite.php(43): require_once('C:\\xampp\\htdocs...')
#8 {main}
CRITICAL - 2021-12-22 22:26:46 --> strpos(): Argument #3 ($offset) must be contained in argument #1 ($haystack)
#0 C:\xampp\htdocs\webkomik\vendor\codeigniter4\framework\system\Validation\Validation.php(702): strpos('required|min_le...', '|', 38)
#1 C:\xampp\htdocs\webkomik\vendor\codeigniter4\framework\system\Validation\Validation.php(138): CodeIgniter\Validation\Validation->splitRules(Array)
#2 C:\xampp\htdocs\webkomik\vendor\codeigniter4\framework\system\Controller.php(160): CodeIgniter\Validation\Validation->run()
#3 C:\xampp\htdocs\webkomik\app\Controllers\Auth.php(19): CodeIgniter\Controller->validate(Array)
#4 C:\xampp\htdocs\webkomik\vendor\codeigniter4\framework\system\CodeIgniter.php(824): App\Controllers\Auth->save()
#5 C:\xampp\htdocs\webkomik\vendor\codeigniter4\framework\system\CodeIgniter.php(410): CodeIgniter\CodeIgniter->runController(Object(App\Controllers\Auth))
#6 C:\xampp\htdocs\webkomik\vendor\codeigniter4\framework\system\CodeIgniter.php(318): CodeIgniter\CodeIgniter->handleRequest(NULL, Object(Config\Cache), false)
#7 C:\xampp\htdocs\webkomik\public\index.php(37): CodeIgniter\CodeIgniter->run()
#8 C:\xampp\htdocs\webkomik\vendor\codeigniter4\framework\system\Commands\Server\rewrite.php(43): require_once('C:\\xampp\\htdocs...')
#9 {main}
CRITICAL - 2021-12-22 22:26:49 --> strpos(): Argument #3 ($offset) must be contained in argument #1 ($haystack)
#0 C:\xampp\htdocs\webkomik\vendor\codeigniter4\framework\system\Validation\Validation.php(702): strpos('required|min_le...', '|', 38)
#1 C:\xampp\htdocs\webkomik\vendor\codeigniter4\framework\system\Validation\Validation.php(138): CodeIgniter\Validation\Validation->splitRules(Array)
#2 C:\xampp\htdocs\webkomik\vendor\codeigniter4\framework\system\Controller.php(160): CodeIgniter\Validation\Validation->run()
#3 C:\xampp\htdocs\webkomik\app\Controllers\Auth.php(19): CodeIgniter\Controller->validate(Array)
#4 C:\xampp\htdocs\webkomik\vendor\codeigniter4\framework\system\CodeIgniter.php(824): App\Controllers\Auth->save()
#5 C:\xampp\htdocs\webkomik\vendor\codeigniter4\framework\system\CodeIgniter.php(410): CodeIgniter\CodeIgniter->runController(Object(App\Controllers\Auth))
#6 C:\xampp\htdocs\webkomik\vendor\codeigniter4\framework\system\CodeIgniter.php(318): CodeIgniter\CodeIgniter->handleRequest(NULL, Object(Config\Cache), false)
#7 C:\xampp\htdocs\webkomik\public\index.php(37): CodeIgniter\CodeIgniter->run()
#8 C:\xampp\htdocs\webkomik\vendor\codeigniter4\framework\system\Commands\Server\rewrite.php(43): require_once('C:\\xampp\\htdocs...')
#9 {main}
CRITICAL - 2021-12-22 22:28:33 --> strpos(): Argument #3 ($offset) must be contained in argument #1 ($haystack)
#0 C:\xampp\htdocs\webkomik\vendor\codeigniter4\framework\system\Validation\Validation.php(702): strpos('required|min_le...', '|', 38)
#1 C:\xampp\htdocs\webkomik\vendor\codeigniter4\framework\system\Validation\Validation.php(138): CodeIgniter\Validation\Validation->splitRules(Array)
#2 C:\xampp\htdocs\webkomik\vendor\codeigniter4\framework\system\Controller.php(160): CodeIgniter\Validation\Validation->run()
#3 C:\xampp\htdocs\webkomik\app\Controllers\Auth.php(19): CodeIgniter\Controller->validate(Array)
#4 C:\xampp\htdocs\webkomik\vendor\codeigniter4\framework\system\CodeIgniter.php(824): App\Controllers\Auth->save()
#5 C:\xampp\htdocs\webkomik\vendor\codeigniter4\framework\system\CodeIgniter.php(410): CodeIgniter\CodeIgniter->runController(Object(App\Controllers\Auth))
#6 C:\xampp\htdocs\webkomik\vendor\codeigniter4\framework\system\CodeIgniter.php(318): CodeIgniter\CodeIgniter->handleRequest(NULL, Object(Config\Cache), false)
#7 C:\xampp\htdocs\webkomik\public\index.php(37): CodeIgniter\CodeIgniter->run()
#8 C:\xampp\htdocs\webkomik\vendor\codeigniter4\framework\system\Commands\Server\rewrite.php(43): require_once('C:\\xampp\\htdocs...')
#9 {main}
CRITICAL - 2021-12-22 22:29:54 --> strpos(): Argument #3 ($offset) must be contained in argument #1 ($haystack)
#0 C:\xampp\htdocs\webkomik\vendor\codeigniter4\framework\system\Validation\Validation.php(702): strpos('required|min_le...', '|', 38)
#1 C:\xampp\htdocs\webkomik\vendor\codeigniter4\framework\system\Validation\Validation.php(138): CodeIgniter\Validation\Validation->splitRules(Array)
#2 C:\xampp\htdocs\webkomik\vendor\codeigniter4\framework\system\Controller.php(160): CodeIgniter\Validation\Validation->run()
#3 C:\xampp\htdocs\webkomik\app\Controllers\Auth.php(19): CodeIgniter\Controller->validate(Array)
#4 C:\xampp\htdocs\webkomik\vendor\codeigniter4\framework\system\CodeIgniter.php(824): App\Controllers\Auth->save()
#5 C:\xampp\htdocs\webkomik\vendor\codeigniter4\framework\system\CodeIgniter.php(410): CodeIgniter\CodeIgniter->runController(Object(App\Controllers\Auth))
#6 C:\xampp\htdocs\webkomik\vendor\codeigniter4\framework\system\CodeIgniter.php(318): CodeIgniter\CodeIgniter->handleRequest(NULL, Object(Config\Cache), false)
#7 C:\xampp\htdocs\webkomik\public\index.php(37): CodeIgniter\CodeIgniter->run()
#8 C:\xampp\htdocs\webkomik\vendor\codeigniter4\framework\system\Commands\Server\rewrite.php(43): require_once('C:\\xampp\\htdocs...')
#9 {main}
CRITICAL - 2021-12-22 22:30:27 --> strpos(): Argument #3 ($offset) must be contained in argument #1 ($haystack)
#0 C:\xampp\htdocs\webkomik\vendor\codeigniter4\framework\system\Validation\Validation.php(702): strpos('required|min_le...', '|', 38)
#1 C:\xampp\htdocs\webkomik\vendor\codeigniter4\framework\system\Validation\Validation.php(138): CodeIgniter\Validation\Validation->splitRules(Array)
#2 C:\xampp\htdocs\webkomik\vendor\codeigniter4\framework\system\Controller.php(160): CodeIgniter\Validation\Validation->run()
#3 C:\xampp\htdocs\webkomik\app\Controllers\Auth.php(19): CodeIgniter\Controller->validate(Array)
#4 C:\xampp\htdocs\webkomik\vendor\codeigniter4\framework\system\CodeIgniter.php(824): App\Controllers\Auth->save()
#5 C:\xampp\htdocs\webkomik\vendor\codeigniter4\framework\system\CodeIgniter.php(410): CodeIgniter\CodeIgniter->runController(Object(App\Controllers\Auth))
#6 C:\xampp\htdocs\webkomik\vendor\codeigniter4\framework\system\CodeIgniter.php(318): CodeIgniter\CodeIgniter->handleRequest(NULL, Object(Config\Cache), false)
#7 C:\xampp\htdocs\webkomik\public\index.php(37): CodeIgniter\CodeIgniter->run()
#8 C:\xampp\htdocs\webkomik\vendor\codeigniter4\framework\system\Commands\Server\rewrite.php(43): require_once('C:\\xampp\\htdocs...')
#9 {main}
CRITICAL - 2021-12-22 22:30:52 --> strpos(): Argument #3 ($offset) must be contained in argument #1 ($haystack)
#0 C:\xampp\htdocs\webkomik\vendor\codeigniter4\framework\system\Validation\Validation.php(702): strpos('required|min_le...', '|', 38)
#1 C:\xampp\htdocs\webkomik\vendor\codeigniter4\framework\system\Validation\Validation.php(138): CodeIgniter\Validation\Validation->splitRules(Array)
#2 C:\xampp\htdocs\webkomik\vendor\codeigniter4\framework\system\Controller.php(160): CodeIgniter\Validation\Validation->run()
#3 C:\xampp\htdocs\webkomik\app\Controllers\Auth.php(19): CodeIgniter\Controller->validate(Array)
#4 C:\xampp\htdocs\webkomik\vendor\codeigniter4\framework\system\CodeIgniter.php(824): App\Controllers\Auth->save()
#5 C:\xampp\htdocs\webkomik\vendor\codeigniter4\framework\system\CodeIgniter.php(410): CodeIgniter\CodeIgniter->runController(Object(App\Controllers\Auth))
#6 C:\xampp\htdocs\webkomik\vendor\codeigniter4\framework\system\CodeIgniter.php(318): CodeIgniter\CodeIgniter->handleRequest(NULL, Object(Config\Cache), false)
#7 C:\xampp\htdocs\webkomik\public\index.php(37): CodeIgniter\CodeIgniter->run()
#8 C:\xampp\htdocs\webkomik\vendor\codeigniter4\framework\system\Commands\Server\rewrite.php(43): require_once('C:\\xampp\\htdocs...')
#9 {main}
CRITICAL - 2021-12-22 22:30:55 --> strpos(): Argument #3 ($offset) must be contained in argument #1 ($haystack)
#0 C:\xampp\htdocs\webkomik\vendor\codeigniter4\framework\system\Validation\Validation.php(702): strpos('required|min_le...', '|', 38)
#1 C:\xampp\htdocs\webkomik\vendor\codeigniter4\framework\system\Validation\Validation.php(138): CodeIgniter\Validation\Validation->splitRules(Array)
#2 C:\xampp\htdocs\webkomik\vendor\codeigniter4\framework\system\Controller.php(160): CodeIgniter\Validation\Validation->run()
#3 C:\xampp\htdocs\webkomik\app\Controllers\Auth.php(19): CodeIgniter\Controller->validate(Array)
#4 C:\xampp\htdocs\webkomik\vendor\codeigniter4\framework\system\CodeIgniter.php(824): App\Controllers\Auth->save()
#5 C:\xampp\htdocs\webkomik\vendor\codeigniter4\framework\system\CodeIgniter.php(410): CodeIgniter\CodeIgniter->runController(Object(App\Controllers\Auth))
#6 C:\xampp\htdocs\webkomik\vendor\codeigniter4\framework\system\CodeIgniter.php(318): CodeIgniter\CodeIgniter->handleRequest(NULL, Object(Config\Cache), false)
#7 C:\xampp\htdocs\webkomik\public\index.php(37): CodeIgniter\CodeIgniter->run()
#8 C:\xampp\htdocs\webkomik\vendor\codeigniter4\framework\system\Commands\Server\rewrite.php(43): require_once('C:\\xampp\\htdocs...')
#9 {main}
CRITICAL - 2021-12-22 22:33:07 --> strpos(): Argument #3 ($offset) must be contained in argument #1 ($haystack)
#0 C:\xampp\htdocs\webkomik\vendor\codeigniter4\framework\system\Validation\Validation.php(702): strpos('required|min_le...', '|', 38)
#1 C:\xampp\htdocs\webkomik\vendor\codeigniter4\framework\system\Validation\Validation.php(138): CodeIgniter\Validation\Validation->splitRules(Array)
#2 C:\xampp\htdocs\webkomik\vendor\codeigniter4\framework\system\Controller.php(160): CodeIgniter\Validation\Validation->run()
#3 C:\xampp\htdocs\webkomik\app\Controllers\Auth.php(19): CodeIgniter\Controller->validate(Array)
#4 C:\xampp\htdocs\webkomik\vendor\codeigniter4\framework\system\CodeIgniter.php(824): App\Controllers\Auth->save()
#5 C:\xampp\htdocs\webkomik\vendor\codeigniter4\framework\system\CodeIgniter.php(410): CodeIgniter\CodeIgniter->runController(Object(App\Controllers\Auth))
#6 C:\xampp\htdocs\webkomik\vendor\codeigniter4\framework\system\CodeIgniter.php(318): CodeIgniter\CodeIgniter->handleRequest(NULL, Object(Config\Cache), false)
#7 C:\xampp\htdocs\webkomik\public\index.php(37): CodeIgniter\CodeIgniter->run()
#8 C:\xampp\htdocs\webkomik\vendor\codeigniter4\framework\system\Commands\Server\rewrite.php(43): require_once('C:\\xampp\\htdocs...')
#9 {main}
CRITICAL - 2021-12-22 22:35:52 --> strpos(): Argument #3 ($offset) must be contained in argument #1 ($haystack)
#0 C:\xampp\htdocs\webkomik\vendor\codeigniter4\framework\system\Validation\Validation.php(702): strpos('required|min_le...', '|', 38)
#1 C:\xampp\htdocs\webkomik\vendor\codeigniter4\framework\system\Validation\Validation.php(138): CodeIgniter\Validation\Validation->splitRules(Array)
#2 C:\xampp\htdocs\webkomik\vendor\codeigniter4\framework\system\Controller.php(160): CodeIgniter\Validation\Validation->run()
#3 C:\xampp\htdocs\webkomik\app\Controllers\Auth.php(19): CodeIgniter\Controller->validate(Array)
#4 C:\xampp\htdocs\webkomik\vendor\codeigniter4\framework\system\CodeIgniter.php(824): App\Controllers\Auth->save()
#5 C:\xampp\htdocs\webkomik\vendor\codeigniter4\framework\system\CodeIgniter.php(410): CodeIgniter\CodeIgniter->runController(Object(App\Controllers\Auth))
#6 C:\xampp\htdocs\webkomik\vendor\codeigniter4\framework\system\CodeIgniter.php(318): CodeIgniter\CodeIgniter->handleRequest(NULL, Object(Config\Cache), false)
#7 C:\xampp\htdocs\webkomik\public\index.php(37): CodeIgniter\CodeIgniter->run()
#8 C:\xampp\htdocs\webkomik\vendor\codeigniter4\framework\system\Commands\Server\rewrite.php(43): require_once('C:\\xampp\\htdocs...')
#9 {main}
CRITICAL - 2021-12-22 22:35:55 --> strpos(): Argument #3 ($offset) must be contained in argument #1 ($haystack)
#0 C:\xampp\htdocs\webkomik\vendor\codeigniter4\framework\system\Validation\Validation.php(702): strpos('required|min_le...', '|', 38)
#1 C:\xampp\htdocs\webkomik\vendor\codeigniter4\framework\system\Validation\Validation.php(138): CodeIgniter\Validation\Validation->splitRules(Array)
#2 C:\xampp\htdocs\webkomik\vendor\codeigniter4\framework\system\Controller.php(160): CodeIgniter\Validation\Validation->run()
#3 C:\xampp\htdocs\webkomik\app\Controllers\Auth.php(19): CodeIgniter\Controller->validate(Array)
#4 C:\xampp\htdocs\webkomik\vendor\codeigniter4\framework\system\CodeIgniter.php(824): App\Controllers\Auth->save()
#5 C:\xampp\htdocs\webkomik\vendor\codeigniter4\framework\system\CodeIgniter.php(410): CodeIgniter\CodeIgniter->runController(Object(App\Controllers\Auth))
#6 C:\xampp\htdocs\webkomik\vendor\codeigniter4\framework\system\CodeIgniter.php(318): CodeIgniter\CodeIgniter->handleRequest(NULL, Object(Config\Cache), false)
#7 C:\xampp\htdocs\webkomik\public\index.php(37): CodeIgniter\CodeIgniter->run()
#8 C:\xampp\htdocs\webkomik\vendor\codeigniter4\framework\system\Commands\Server\rewrite.php(43): require_once('C:\\xampp\\htdocs...')
#9 {main}
ERROR - 2021-12-22 22:43:53 --> You have an error in your SQL syntax; check the manual that corresponds to your MariaDB server version for the right syntax to use near '' at line 1
ERROR - 2021-12-22 22:46:04 --> You have an error in your SQL syntax; check the manual that corresponds to your MariaDB server version for the right syntax to use near '' at line 1
ERROR - 2021-12-22 22:49:38 --> You have an error in your SQL syntax; check the manual that corresponds to your MariaDB server version for the right syntax to use near '' at line 1
ERROR - 2021-12-22 22:51:58 --> You have an error in your SQL syntax; check the manual that corresponds to your MariaDB server version for the right syntax to use near '' at line 1
CRITICAL - 2021-12-22 23:08:20 --> strpos(): Argument #3 ($offset) must be contained in argument #1 ($haystack)
#0 C:\xampp\htdocs\webkomik\vendor\codeigniter4\framework\system\Validation\Validation.php(702): strpos('required|min_le...', '|', 38)
#1 C:\xampp\htdocs\webkomik\vendor\codeigniter4\framework\system\Validation\Validation.php(138): CodeIgniter\Validation\Validation->splitRules(Array)
#2 C:\xampp\htdocs\webkomik\vendor\codeigniter4\framework\system\Controller.php(160): CodeIgniter\Validation\Validation->run()
#3 C:\xampp\htdocs\webkomik\app\Controllers\Auth.php(19): CodeIgniter\Controller->validate(Array)
#4 C:\xampp\htdocs\webkomik\vendor\codeigniter4\framework\system\CodeIgniter.php(824): App\Controllers\Auth->save()
#5 C:\xampp\htdocs\webkomik\vendor\codeigniter4\framework\system\CodeIgniter.php(410): CodeIgniter\CodeIgniter->runController(Object(App\Controllers\Auth))
#6 C:\xampp\htdocs\webkomik\vendor\codeigniter4\framework\system\CodeIgniter.php(318): CodeIgniter\CodeIgniter->handleRequest(NULL, Object(Config\Cache), false)
#7 C:\xampp\htdocs\webkomik\public\index.php(37): CodeIgniter\CodeIgniter->run()
#8 C:\xampp\htdocs\webkomik\vendor\codeigniter4\framework\system\Commands\Server\rewrite.php(43): require_once('C:\\xampp\\htdocs...')
#9 {main}
CRITICAL - 2021-12-22 23:23:00 --> strpos(): Argument #3 ($offset) must be contained in argument #1 ($haystack)
#0 C:\xampp\htdocs\webkomik\vendor\codeigniter4\framework\system\Validation\Validation.php(702): strpos('required|min_le...', '|', 38)
#1 C:\xampp\htdocs\webkomik\vendor\codeigniter4\framework\system\Validation\Validation.php(138): CodeIgniter\Validation\Validation->splitRules(Array)
#2 C:\xampp\htdocs\webkomik\vendor\codeigniter4\framework\system\Controller.php(160): CodeIgniter\Validation\Validation->run()
#3 C:\xampp\htdocs\webkomik\app\Controllers\Auth.php(19): CodeIgniter\Controller->validate(Array)
#4 C:\xampp\htdocs\webkomik\vendor\codeigniter4\framework\system\CodeIgniter.php(824): App\Controllers\Auth->save()
#5 C:\xampp\htdocs\webkomik\vendor\codeigniter4\framework\system\CodeIgniter.php(410): CodeIgniter\CodeIgniter->runController(Object(App\Controllers\Auth))
#6 C:\xampp\htdocs\webkomik\vendor\codeigniter4\framework\system\CodeIgniter.php(318): CodeIgniter\CodeIgniter->handleRequest(NULL, Object(Config\Cache), false)
#7 C:\xampp\htdocs\webkomik\public\index.php(37): CodeIgniter\CodeIgniter->run()
#8 C:\xampp\htdocs\webkomik\vendor\codeigniter4\framework\system\Commands\Server\rewrite.php(43): require_once('C:\\xampp\\htdocs...')
#9 {main}
CRITICAL - 2021-12-22 23:23:26 --> strpos(): Argument #3 ($offset) must be contained in argument #1 ($haystack)
#0 C:\xampp\htdocs\webkomik\vendor\codeigniter4\framework\system\Validation\Validation.php(702): strpos('required|min_le...', '|', 38)
#1 C:\xampp\htdocs\webkomik\vendor\codeigniter4\framework\system\Validation\Validation.php(138): CodeIgniter\Validation\Validation->splitRules(Array)
#2 C:\xampp\htdocs\webkomik\vendor\codeigniter4\framework\system\Controller.php(160): CodeIgniter\Validation\Validation->run()
#3 C:\xampp\htdocs\webkomik\app\Controllers\Auth.php(19): CodeIgniter\Controller->validate(Array)
#4 C:\xampp\htdocs\webkomik\vendor\codeigniter4\framework\system\CodeIgniter.php(824): App\Controllers\Auth->save()
#5 C:\xampp\htdocs\webkomik\vendor\codeigniter4\framework\system\CodeIgniter.php(410): CodeIgniter\CodeIgniter->runController(Object(App\Controllers\Auth))
#6 C:\xampp\htdocs\webkomik\vendor\codeigniter4\framework\system\CodeIgniter.php(318): CodeIgniter\CodeIgniter->handleRequest(NULL, Object(Config\Cache), false)
#7 C:\xampp\htdocs\webkomik\public\index.php(37): CodeIgniter\CodeIgniter->run()
#8 C:\xampp\htdocs\webkomik\vendor\codeigniter4\framework\system\Commands\Server\rewrite.php(43): require_once('C:\\xampp\\htdocs...')
#9 {main}
CRITICAL - 2021-12-22 23:23:29 --> strpos(): Argument #3 ($offset) must be contained in argument #1 ($haystack)
#0 C:\xampp\htdocs\webkomik\vendor\codeigniter4\framework\system\Validation\Validation.php(702): strpos('required|min_le...', '|', 38)
#1 C:\xampp\htdocs\webkomik\vendor\codeigniter4\framework\system\Validation\Validation.php(138): CodeIgniter\Validation\Validation->splitRules(Array)
#2 C:\xampp\htdocs\webkomik\vendor\codeigniter4\framework\system\Controller.php(160): CodeIgniter\Validation\Validation->run()
#3 C:\xampp\htdocs\webkomik\app\Controllers\Auth.php(19): CodeIgniter\Controller->validate(Array)
#4 C:\xampp\htdocs\webkomik\vendor\codeigniter4\framework\system\CodeIgniter.php(824): App\Controllers\Auth->save()
#5 C:\xampp\htdocs\webkomik\vendor\codeigniter4\framework\system\CodeIgniter.php(410): CodeIgniter\CodeIgniter->runController(Object(App\Controllers\Auth))
#6 C:\xampp\htdocs\webkomik\vendor\codeigniter4\framework\system\CodeIgniter.php(318): CodeIgniter\CodeIgniter->handleRequest(NULL, Object(Config\Cache), false)
#7 C:\xampp\htdocs\webkomik\public\index.php(37): CodeIgniter\CodeIgniter->run()
#8 C:\xampp\htdocs\webkomik\vendor\codeigniter4\framework\system\Commands\Server\rewrite.php(43): require_once('C:\\xampp\\htdocs...')
#9 {main}
