CRITICAL - 2021-12-24 01:11:13 --> Undefined variable $config
#0 C:\xampp\htdocs\webkomik\app\Views\template\templateweb.php(47): CodeIgniter\Debug\Exceptions->errorHandler(2, 'Undefined varia...', 'C:\\xampp\\htdocs...', 47)
#1 C:\xampp\htdocs\webkomik\vendor\codeigniter4\framework\system\View\View.php(214): include('C:\\xampp\\htdocs...')
#2 C:\xampp\htdocs\webkomik\vendor\codeigniter4\framework\system\View\View.php(217): CodeIgniter\View\View->CodeIgniter\View\{closure}()
#3 C:\xampp\htdocs\webkomik\vendor\codeigniter4\framework\system\View\View.php(230): CodeIgniter\View\View->render('template/templa...', Array, true)
#4 C:\xampp\htdocs\webkomik\vendor\codeigniter4\framework\system\Common.php(1097): CodeIgniter\View\View->render('table/listkomik', Array, true)
#5 C:\xampp\htdocs\webkomik\app\Controllers\webkomik.php(19): view('table/listkomik')
#6 C:\xampp\htdocs\webkomik\vendor\codeigniter4\framework\system\CodeIgniter.php(824): App\Controllers\webkomik->listkomik()
#7 C:\xampp\htdocs\webkomik\vendor\codeigniter4\framework\system\CodeIgniter.php(410): CodeIgniter\CodeIgniter->runController(Object(App\Controllers\webkomik))
#8 C:\xampp\htdocs\webkomik\vendor\codeigniter4\framework\system\CodeIgniter.php(318): CodeIgniter\CodeIgniter->handleRequest(NULL, Object(Config\Cache), false)
#9 C:\xampp\htdocs\webkomik\public\index.php(37): CodeIgniter\CodeIgniter->run()
#10 C:\xampp\htdocs\webkomik\vendor\codeigniter4\framework\system\Commands\Server\rewrite.php(43): require_once('C:\\xampp\\htdocs...')
#11 {main}
CRITICAL - 2021-12-24 01:11:14 --> Undefined variable $config
#0 C:\xampp\htdocs\webkomik\app\Views\template\templateweb.php(47): CodeIgniter\Debug\Exceptions->errorHandler(2, 'Undefined varia...', 'C:\\xampp\\htdocs...', 47)
#1 C:\xampp\htdocs\webkomik\vendor\codeigniter4\framework\system\View\View.php(214): include('C:\\xampp\\htdocs...')
#2 C:\xampp\htdocs\webkomik\vendor\codeigniter4\framework\system\View\View.php(217): CodeIgniter\View\View->CodeIgniter\View\{closure}()
#3 C:\xampp\htdocs\webkomik\vendor\codeigniter4\framework\system\View\View.php(230): CodeIgniter\View\View->render('template/templa...', Array, true)
#4 C:\xampp\htdocs\webkomik\vendor\codeigniter4\framework\system\Common.php(1097): CodeIgniter\View\View->render('table/listkomik', Array, true)
#5 C:\xampp\htdocs\webkomik\app\Controllers\webkomik.php(19): view('table/listkomik')
#6 C:\xampp\htdocs\webkomik\vendor\codeigniter4\framework\system\CodeIgniter.php(824): App\Controllers\webkomik->listkomik()
#7 C:\xampp\htdocs\webkomik\vendor\codeigniter4\framework\system\CodeIgniter.php(410): CodeIgniter\CodeIgniter->runController(Object(App\Controllers\webkomik))
#8 C:\xampp\htdocs\webkomik\vendor\codeigniter4\framework\system\CodeIgniter.php(318): CodeIgniter\CodeIgniter->handleRequest(NULL, Object(Config\Cache), false)
#9 C:\xampp\htdocs\webkomik\public\index.php(37): CodeIgniter\CodeIgniter->run()
#10 C:\xampp\htdocs\webkomik\vendor\codeigniter4\framework\system\Commands\Server\rewrite.php(43): require_once('C:\\xampp\\htdocs...')
#11 {main}
CRITICAL - 2021-12-24 01:13:17 --> Undefined variable $config
#0 C:\xampp\htdocs\webkomik\app\Views\template\templateweb.php(47): CodeIgniter\Debug\Exceptions->errorHandler(2, 'Undefined varia...', 'C:\\xampp\\htdocs...', 47)
#1 C:\xampp\htdocs\webkomik\vendor\codeigniter4\framework\system\View\View.php(214): include('C:\\xampp\\htdocs...')
#2 C:\xampp\htdocs\webkomik\vendor\codeigniter4\framework\system\View\View.php(217): CodeIgniter\View\View->CodeIgniter\View\{closure}()
#3 C:\xampp\htdocs\webkomik\vendor\codeigniter4\framework\system\View\View.php(230): CodeIgniter\View\View->render('template/templa...', Array, true)
#4 C:\xampp\htdocs\webkomik\vendor\codeigniter4\framework\system\Common.php(1097): CodeIgniter\View\View->render('table/listkomik', Array, true)
#5 C:\xampp\htdocs\webkomik\app\Controllers\webkomik.php(19): view('table/listkomik')
#6 C:\xampp\htdocs\webkomik\vendor\codeigniter4\framework\system\CodeIgniter.php(824): App\Controllers\webkomik->listkomik()
#7 C:\xampp\htdocs\webkomik\vendor\codeigniter4\framework\system\CodeIgniter.php(410): CodeIgniter\CodeIgniter->runController(Object(App\Controllers\webkomik))
#8 C:\xampp\htdocs\webkomik\vendor\codeigniter4\framework\system\CodeIgniter.php(318): CodeIgniter\CodeIgniter->handleRequest(NULL, Object(Config\Cache), false)
#9 C:\xampp\htdocs\webkomik\public\index.php(37): CodeIgniter\CodeIgniter->run()
#10 C:\xampp\htdocs\webkomik\vendor\codeigniter4\framework\system\Commands\Server\rewrite.php(43): require_once('C:\\xampp\\htdocs...')
#11 {main}
CRITICAL - 2021-12-24 01:25:54 --> View themes, no current section.
#0 C:\xampp\htdocs\webkomik\app\Views\table\create.php(41): CodeIgniter\View\View->endSection()
#1 C:\xampp\htdocs\webkomik\vendor\codeigniter4\framework\system\View\View.php(214): include('C:\\xampp\\htdocs...')
#2 C:\xampp\htdocs\webkomik\vendor\codeigniter4\framework\system\View\View.php(217): CodeIgniter\View\View->CodeIgniter\View\{closure}()
#3 C:\xampp\htdocs\webkomik\vendor\codeigniter4\framework\system\Common.php(1097): CodeIgniter\View\View->render('table/create', Array, true)
#4 C:\xampp\htdocs\webkomik\app\Controllers\webkomik.php(42): view('table/create')
#5 C:\xampp\htdocs\webkomik\vendor\codeigniter4\framework\system\CodeIgniter.php(824): App\Controllers\webkomik->create()
#6 C:\xampp\htdocs\webkomik\vendor\codeigniter4\framework\system\CodeIgniter.php(410): CodeIgniter\CodeIgniter->runController(Object(App\Controllers\webkomik))
#7 C:\xampp\htdocs\webkomik\vendor\codeigniter4\framework\system\CodeIgniter.php(318): CodeIgniter\CodeIgniter->handleRequest(NULL, Object(Config\Cache), false)
#8 C:\xampp\htdocs\webkomik\public\index.php(37): CodeIgniter\CodeIgniter->run()
#9 C:\xampp\htdocs\webkomik\vendor\codeigniter4\framework\system\Commands\Server\rewrite.php(43): require_once('C:\\xampp\\htdocs...')
#10 {main}
CRITICAL - 2021-12-24 01:25:58 --> View themes, no current section.
#0 C:\xampp\htdocs\webkomik\app\Views\table\create.php(41): CodeIgniter\View\View->endSection()
#1 C:\xampp\htdocs\webkomik\vendor\codeigniter4\framework\system\View\View.php(214): include('C:\\xampp\\htdocs...')
#2 C:\xampp\htdocs\webkomik\vendor\codeigniter4\framework\system\View\View.php(217): CodeIgniter\View\View->CodeIgniter\View\{closure}()
#3 C:\xampp\htdocs\webkomik\vendor\codeigniter4\framework\system\Common.php(1097): CodeIgniter\View\View->render('table/create', Array, true)
#4 C:\xampp\htdocs\webkomik\app\Controllers\webkomik.php(42): view('table/create')
#5 C:\xampp\htdocs\webkomik\vendor\codeigniter4\framework\system\CodeIgniter.php(824): App\Controllers\webkomik->create()
#6 C:\xampp\htdocs\webkomik\vendor\codeigniter4\framework\system\CodeIgniter.php(410): CodeIgniter\CodeIgniter->runController(Object(App\Controllers\webkomik))
#7 C:\xampp\htdocs\webkomik\vendor\codeigniter4\framework\system\CodeIgniter.php(318): CodeIgniter\CodeIgniter->handleRequest(NULL, Object(Config\Cache), false)
#8 C:\xampp\htdocs\webkomik\public\index.php(37): CodeIgniter\CodeIgniter->run()
#9 C:\xampp\htdocs\webkomik\vendor\codeigniter4\framework\system\Commands\Server\rewrite.php(43): require_once('C:\\xampp\\htdocs...')
#10 {main}
CRITICAL - 2021-12-24 01:26:29 --> View themes, no current section.
#0 C:\xampp\htdocs\webkomik\app\Views\table\create.php(41): CodeIgniter\View\View->endSection()
#1 C:\xampp\htdocs\webkomik\vendor\codeigniter4\framework\system\View\View.php(214): include('C:\\xampp\\htdocs...')
#2 C:\xampp\htdocs\webkomik\vendor\codeigniter4\framework\system\View\View.php(217): CodeIgniter\View\View->CodeIgniter\View\{closure}()
#3 C:\xampp\htdocs\webkomik\vendor\codeigniter4\framework\system\Common.php(1097): CodeIgniter\View\View->render('table/create', Array, true)
#4 C:\xampp\htdocs\webkomik\app\Controllers\webkomik.php(42): view('table/create')
#5 C:\xampp\htdocs\webkomik\vendor\codeigniter4\framework\system\CodeIgniter.php(824): App\Controllers\webkomik->create()
#6 C:\xampp\htdocs\webkomik\vendor\codeigniter4\framework\system\CodeIgniter.php(410): CodeIgniter\CodeIgniter->runController(Object(App\Controllers\webkomik))
#7 C:\xampp\htdocs\webkomik\vendor\codeigniter4\framework\system\CodeIgniter.php(318): CodeIgniter\CodeIgniter->handleRequest(NULL, Object(Config\Cache), false)
#8 C:\xampp\htdocs\webkomik\public\index.php(37): CodeIgniter\CodeIgniter->run()
#9 C:\xampp\htdocs\webkomik\vendor\codeigniter4\framework\system\Commands\Server\rewrite.php(43): require_once('C:\\xampp\\htdocs...')
#10 {main}
CRITICAL - 2021-12-24 01:26:30 --> View themes, no current section.
#0 C:\xampp\htdocs\webkomik\app\Views\table\create.php(41): CodeIgniter\View\View->endSection()
#1 C:\xampp\htdocs\webkomik\vendor\codeigniter4\framework\system\View\View.php(214): include('C:\\xampp\\htdocs...')
#2 C:\xampp\htdocs\webkomik\vendor\codeigniter4\framework\system\View\View.php(217): CodeIgniter\View\View->CodeIgniter\View\{closure}()
#3 C:\xampp\htdocs\webkomik\vendor\codeigniter4\framework\system\Common.php(1097): CodeIgniter\View\View->render('table/create', Array, true)
#4 C:\xampp\htdocs\webkomik\app\Controllers\webkomik.php(42): view('table/create')
#5 C:\xampp\htdocs\webkomik\vendor\codeigniter4\framework\system\CodeIgniter.php(824): App\Controllers\webkomik->create()
#6 C:\xampp\htdocs\webkomik\vendor\codeigniter4\framework\system\CodeIgniter.php(410): CodeIgniter\CodeIgniter->runController(Object(App\Controllers\webkomik))
#7 C:\xampp\htdocs\webkomik\vendor\codeigniter4\framework\system\CodeIgniter.php(318): CodeIgniter\CodeIgniter->handleRequest(NULL, Object(Config\Cache), false)
#8 C:\xampp\htdocs\webkomik\public\index.php(37): CodeIgniter\CodeIgniter->run()
#9 C:\xampp\htdocs\webkomik\vendor\codeigniter4\framework\system\Commands\Server\rewrite.php(43): require_once('C:\\xampp\\htdocs...')
#10 {main}
